Determining if the pthread_create exist failed with the following output:
Change Dir: /home/cloud/catkin_ws/src/owd/owd_msgs/build/CMakeFiles/CMakeTmp

Run Build Command:/usr/bin/make "cmTryCompileExec3615013330/fast"
make[1]: Entering directory `/home/cloud/catkin_ws/src/owd/owd_msgs/build/CMakeFiles/CMakeTmp'
/usr/bin/make -f CMakeFiles/cmTryCompileExec3615013330.dir/build.make CMakeFiles/cmTryCompileExec3615013330.dir/build
make[2]: Entering directory `/home/cloud/catkin_ws/src/owd/owd_msgs/build/CMakeFiles/CMakeTmp'
/usr/bin/cmake -E cmake_progress_report /home/cloud/catkin_ws/src/owd/owd_msgs/build/CMakeFiles/CMakeTmp/CMakeFiles 1
Building C object CMakeFiles/cmTryCompileExec3615013330.dir/CheckSymbolExists.c.o
/usr/bin/cc    -o CMakeFiles/cmTryCompileExec3615013330.dir/CheckSymbolExists.c.o   -c /home/cloud/catkin_ws/src/owd/owd_msgs/build/CMakeFiles/CMakeTmp/CheckSymbolExists.c
Linking C executable cmTryCompileExec3615013330
/usr/bin/cmake -E cmake_link_script CMakeFiles/cmTryCompileExec3615013330.dir/link.txt --verbose=1
/usr/bin/cc       CMakeFiles/cmTryCompileExec3615013330.dir/CheckSymbolExists.c.o  -o cmTryCompileExec3615013330 -rdynamic 
CMakeFiles/cmTryCompileExec3615013330.dir/CheckSymbolExists.c.o: In function `main':
CheckSymbolExists.c:(.text+0xc): undefined reference to `pthread_create'
collect2: ld returned 1 exit status
make[2]: *** [cmTryCompileExec3615013330] Error 1
make[2]: Leaving directory `/home/cloud/catkin_ws/src/owd/owd_msgs/build/CMakeFiles/CMakeTmp'
make[1]: *** [cmTryCompileExec3615013330/fast] Error 2
make[1]: Leaving directory `/home/cloud/catkin_ws/src/owd/owd_msgs/build/CMakeFiles/CMakeTmp'

File /home/cloud/catkin_ws/src/owd/owd_msgs/build/CMakeFiles/CMakeTmp/CheckSymbolExists.c:
/* */
#include <pthread.h>

int main(int argc, char** argv)
{
  (void)argv;
#ifndef pthread_create
  return ((int*)(&pthread_create))[argc];
#else
  (void)argc;
  return 0;
#endif
}

Determining if the function pthread_create exists in the pthreads failed with the following output:
Change Dir: /home/cloud/catkin_ws/src/owd/owd_msgs/build/CMakeFiles/CMakeTmp

Run Build Command:/usr/bin/make "cmTryCompileExec3732330916/fast"
make[1]: Entering directory `/home/cloud/catkin_ws/src/owd/owd_msgs/build/CMakeFiles/CMakeTmp'
/usr/bin/make -f CMakeFiles/cmTryCompileExec3732330916.dir/build.make CMakeFiles/cmTryCompileExec3732330916.dir/build
make[2]: Entering directory `/home/cloud/catkin_ws/src/owd/owd_msgs/build/CMakeFiles/CMakeTmp'
/usr/bin/cmake -E cmake_progress_report /home/cloud/catkin_ws/src/owd/owd_msgs/build/CMakeFiles/CMakeTmp/CMakeFiles 1
Building C object CMakeFiles/cmTryCompileExec3732330916.dir/CheckFunctionExists.c.o
/usr/bin/cc   -DCHECK_FUNCTION_EXISTS=pthread_create   -o CMakeFiles/cmTryCompileExec3732330916.dir/CheckFunctionExists.c.o   -c /usr/share/cmake-2.8/Modules/CheckFunctionExists.c
Linking C executable cmTryCompileExec3732330916
/usr/bin/cmake -E cmake_link_script CMakeFiles/cmTryCompileExec3732330916.dir/link.txt --verbose=1
/usr/bin/cc   -DCHECK_FUNCTION_EXISTS=pthread_create    CMakeFiles/cmTryCompileExec3732330916.dir/CheckFunctionExists.c.o  -o cmTryCompileExec3732330916 -rdynamic -lpthreads 
/usr/bin/ld: cannot find -lpthreads
collect2: ld returned 1 exit status
make[2]: *** [cmTryCompileExec3732330916] Error 1
make[2]: Leaving directory `/home/cloud/catkin_ws/src/owd/owd_msgs/build/CMakeFiles/CMakeTmp'
make[1]: *** [cmTryCompileExec3732330916/fast] Error 2
make[1]: Leaving directory `/home/cloud/catkin_ws/src/owd/owd_msgs/build/CMakeFiles/CMakeTmp'


